  Source.cpp
C:\Users\Dell\Desktop\Master\OPNA\Najbolje racionalne aproksimacije realnih brojeva\RelacioneAproksimacije\RelacioneAproksimacije\Source.cpp(45,33): warning C4244: 'argument': conversion from 'double' to '_Ty', possible loss of data
          with
          [
              _Ty=int
          ]
C:\Users\Dell\Desktop\Master\OPNA\Najbolje racionalne aproksimacije realnih brojeva\RelacioneAproksimacije\RelacioneAproksimacije\Source.cpp(54,34): warning C4244: 'argument': conversion from 'double' to '_Ty', possible loss of data
          with
          [
              _Ty=int
          ]
C:\Users\Dell\Desktop\Master\OPNA\Najbolje racionalne aproksimacije realnih brojeva\RelacioneAproksimacije\RelacioneAproksimacije\Source.cpp(112,21): warning C4018: '<': signed/unsigned mismatch
C:\Users\Dell\Desktop\Master\OPNA\Najbolje racionalne aproksimacije realnih brojeva\RelacioneAproksimacije\RelacioneAproksimacije\Source.cpp(142,8): warning C4244: 'initializing': conversion from 'double' to 'int', possible loss of data
C:\Users\Dell\Desktop\Master\OPNA\Najbolje racionalne aproksimacije realnih brojeva\RelacioneAproksimacije\RelacioneAproksimacije\Source.cpp(154,30): warning C4244: 'argument': conversion from 'double' to 'int', possible loss of data
C:\Users\Dell\Desktop\Master\OPNA\Najbolje racionalne aproksimacije realnih brojeva\RelacioneAproksimacije\RelacioneAproksimacije\Source.cpp(156,38): warning C4244: 'argument': conversion from 'double' to 'int', possible loss of data
C:\Users\Dell\Desktop\Master\OPNA\Najbolje racionalne aproksimacije realnih brojeva\RelacioneAproksimacije\RelacioneAproksimacije\Source.cpp(162,32): warning C4244: 'argument': conversion from 'double' to 'int', possible loss of data
C:\Users\Dell\Desktop\Master\OPNA\Najbolje racionalne aproksimacije realnih brojeva\RelacioneAproksimacije\RelacioneAproksimacije\Source.cpp(164,32): warning C4244: 'argument': conversion from 'double' to 'int', possible loss of data
C:\Users\Dell\Desktop\Master\OPNA\Najbolje racionalne aproksimacije realnih brojeva\RelacioneAproksimacije\RelacioneAproksimacije\Source.cpp(170,20): warning C4018: '<': signed/unsigned mismatch
C:\Users\Dell\Desktop\Master\OPNA\Najbolje racionalne aproksimacije realnih brojeva\RelacioneAproksimacije\RelacioneAproksimacije\Source.cpp(202,20): warning C4018: '<': signed/unsigned mismatch
C:\Users\Dell\Desktop\Master\OPNA\Najbolje racionalne aproksimacije realnih brojeva\RelacioneAproksimacije\RelacioneAproksimacije\Source.cpp(256,20): warning C4018: '<': signed/unsigned mismatch
  RelacioneAproksimacije.vcxproj -> C:\Users\Dell\Desktop\Master\OPNA\Najbolje racionalne aproksimacije realnih brojeva\RelacioneAproksimacije\Debug\RelacioneAproksimacije.exe
